<?xml version="1.0" encoding="UTF-8"?>
<testng-results skipped="0" failed="0" ignored="0" total="2" passed="2">
  <reporter-output>
  </reporter-output>
  <suite name="Suite" duration-ms="84" started-at="2019-04-01T11:13:43Z" finished-at="2019-04-01T11:13:43Z">
    <groups>
    </groups>
    <test name="Test" duration-ms="84" started-at="2019-04-01T11:13:43Z" finished-at="2019-04-01T11:13:43Z">
      <class name="testCases.LoginTest">
        <test-method status="PASS" signature="Login()[pri:0, instance:testCases.LoginTest@42d80b78]" name="Login" duration-ms="20" started-at="2019-04-01T11:13:43Z" finished-at="2019-04-01T11:13:43Z">
          <reporter-output>
          </reporter-output>
        </test-method> <!-- Login -->
        <test-method status="PASS" signature="register()[pri:0, instance:testCases.LoginTest@42d80b78]" name="register" duration-ms="9" started-at="2019-04-01T11:13:43Z" finished-at="2019-04-01T11:13:43Z">
          <reporter-output>
          </reporter-output>
        </test-method> <!-- register -->
      </class> <!-- testCases.LoginTest -->
    </test> <!-- Test -->
  </suite> <!-- Suite -->
</testng-results>
